::1 - - [23/Sep/2018:02:42:31 +0000] "GET /auth/ HTTP/1.1" 304 - "-" "Mozilla/5.0 (Windows NT 10.0; Win64; x64) AppleWebKit/537.36 (KHTML, like Gecko) Chrome/69.0.3497.100 Safari/537.36"
::1 - - [23/Sep/2018:02:43:31 +0000] "GET /auth/ HTTP/1.1" 304 - "-" "Mozilla/5.0 (Windows NT 10.0; Win64; x64) AppleWebKit/537.36 (KHTML, like Gecko) Chrome/69.0.3497.100 Safari/537.36"
::1 - - [23/Sep/2018:04:04:14 +0000] "POST /auth/login HTTP/1.1" 404 150 "-" "Mozilla/5.0 (Windows NT 10.0; Win64; x64) AppleWebKit/537.36 (KHTML, like Gecko) Chrome/69.0.3497.100 Safari/537.36"
::1 - - [23/Sep/2018:04:48:39 +0000] "POST /auth/login HTTP/1.1" 200 - "-" "Mozilla/5.0 (Windows NT 10.0; Win64; x64) AppleWebKit/537.36 (KHTML, like Gecko) Chrome/69.0.3497.100 Safari/537.36"
::1 - - [23/Sep/2018:04:50:16 +0000] "POST /auth/login HTTP/1.1" 200 - "-" "Mozilla/5.0 (Windows NT 10.0; Win64; x64) AppleWebKit/537.36 (KHTML, like Gecko) Chrome/69.0.3497.100 Safari/537.36"
::1 - - [23/Sep/2018:14:26:01 +0000] "POST /auth/login HTTP/1.1" - - "-" "Mozilla/5.0 (Windows NT 10.0; Win64; x64) AppleWebKit/537.36 (KHTML, like Gecko) Chrome/69.0.3497.100 Safari/537.36"
::1 - - [23/Sep/2018:14:43:27 +0000] "POST /auth/login HTTP/1.1" - - "-" "Mozilla/5.0 (Windows NT 10.0; Win64; x64) AppleWebKit/537.36 (KHTML, like Gecko) Chrome/69.0.3497.100 Safari/537.36"
::1 - - [23/Sep/2018:14:46:58 +0000] "POST /auth/login HTTP/1.1" - - "-" "Mozilla/5.0 (Windows NT 10.0; Win64; x64) AppleWebKit/537.36 (KHTML, like Gecko) Chrome/69.0.3497.100 Safari/537.36"
::1 - - [23/Sep/2018:22:37:45 +0000] "GET /socket.io/?EIO=3&transport=polling&t=MO8bDud HTTP/1.1" 404 149 "http://localhost:8081/" "Mozilla/5.0 (Windows NT 10.0; Win64; x64) AppleWebKit/537.36 (KHTML, like Gecko) Chrome/69.0.3497.100 Safari/537.36"
::1 - - [23/Sep/2018:22:37:46 +0000] "GET /socket.io/?EIO=3&transport=polling&t=MO8bE55 HTTP/1.1" 404 149 "http://localhost:8081/" "Mozilla/5.0 (Windows NT 10.0; Win64; x64) AppleWebKit/537.36 (KHTML, like Gecko) Chrome/69.0.3497.100 Safari/537.36"
::1 - - [23/Sep/2018:22:37:49 +0000] "GET /socket.io/?EIO=3&transport=polling&t=MO8bEir HTTP/1.1" 404 149 "http://localhost:8081/" "Mozilla/5.0 (Windows NT 10.0; Win64; x64) AppleWebKit/537.36 (KHTML, like Gecko) Chrome/69.0.3497.100 Safari/537.36"
::1 - - [23/Sep/2018:22:37:52 +0000] "GET /socket.io/?EIO=3&transport=polling&t=MO8bFN_ HTTP/1.1" 404 149 "http://localhost:8081/" "Mozilla/5.0 (Windows NT 10.0; Win64; x64) AppleWebKit/537.36 (KHTML, like Gecko) Chrome/69.0.3497.100 Safari/537.36"
::1 - - [23/Sep/2018:22:37:57 +0000] "GET /socket.io/?EIO=3&transport=polling&t=MO8bGcT HTTP/1.1" 404 149 "http://localhost:8081/" "Mozilla/5.0 (Windows NT 10.0; Win64; x64) AppleWebKit/537.36 (KHTML, like Gecko) Chrome/69.0.3497.100 Safari/537.36"
::1 - - [23/Sep/2018:22:38:02 +0000] "GET /socket.io/?EIO=3&transport=polling&t=MO8bHqx HTTP/1.1" 404 149 "http://localhost:8081/" "Mozilla/5.0 (Windows NT 10.0; Win64; x64) AppleWebKit/537.36 (KHTML, like Gecko) Chrome/69.0.3497.100 Safari/537.36"
::1 - - [23/Sep/2018:22:38:07 +0000] "GET /socket.io/?EIO=3&transport=polling&t=MO8bJ3P HTTP/1.1" 404 149 "http://localhost:8081/" "Mozilla/5.0 (Windows NT 10.0; Win64; x64) AppleWebKit/537.36 (KHTML, like Gecko) Chrome/69.0.3497.100 Safari/537.36"
::1 - - [23/Sep/2018:22:38:12 +0000] "GET /socket.io/?EIO=3&transport=polling&t=MO8bKHs HTTP/1.1" 404 149 "http://localhost:8081/" "Mozilla/5.0 (Windows NT 10.0; Win64; x64) AppleWebKit/537.36 (KHTML, like Gecko) Chrome/69.0.3497.100 Safari/537.36"
::1 - - [23/Sep/2018:22:38:17 +0000] "GET /socket.io/?EIO=3&transport=polling&t=MO8bLWS HTTP/1.1" 404 149 "http://localhost:8081/" "Mozilla/5.0 (Windows NT 10.0; Win64; x64) AppleWebKit/537.36 (KHTML, like Gecko) Chrome/69.0.3497.100 Safari/537.36"
::1 - - [23/Sep/2018:22:38:22 +0000] "GET /socket.io/?EIO=3&transport=polling&t=MO8bMkv HTTP/1.1" 404 149 "http://localhost:8081/" "Mozilla/5.0 (Windows NT 10.0; Win64; x64) AppleWebKit/537.36 (KHTML, like Gecko) Chrome/69.0.3497.100 Safari/537.36"
::1 - - [23/Sep/2018:22:38:27 +0000] "GET /socket.io/?EIO=3&transport=polling&t=MO8bNzF HTTP/1.1" 404 149 "http://localhost:8081/" "Mozilla/5.0 (Windows NT 10.0; Win64; x64) AppleWebKit/537.36 (KHTML, like Gecko) Chrome/69.0.3497.100 Safari/537.36"
::1 - - [23/Sep/2018:22:38:32 +0000] "GET /socket.io/?EIO=3&transport=polling&t=MO8bPBY HTTP/1.1" 404 149 "http://localhost:8081/" "Mozilla/5.0 (Windows NT 10.0; Win64; x64) AppleWebKit/537.36 (KHTML, like Gecko) Chrome/69.0.3497.100 Safari/537.36"
::1 - - [23/Sep/2018:22:38:37 +0000] "GET /socket.io/?EIO=3&transport=polling&t=MO8bQPs HTTP/1.1" 404 149 "http://localhost:8081/" "Mozilla/5.0 (Windows NT 10.0; Win64; x64) AppleWebKit/537.36 (KHTML, like Gecko) Chrome/69.0.3497.100 Safari/537.36"
::1 - - [23/Sep/2018:22:38:42 +0000] "GET /socket.io/?EIO=3&transport=polling&t=MO8bReC HTTP/1.1" 404 149 "http://localhost:8081/" "Mozilla/5.0 (Windows NT 10.0; Win64; x64) AppleWebKit/537.36 (KHTML, like Gecko) Chrome/69.0.3497.100 Safari/537.36"
::1 - - [23/Sep/2018:22:38:47 +0000] "GET /socket.io/?EIO=3&transport=polling&t=MO8bSsY HTTP/1.1" 404 149 "http://localhost:8081/" "Mozilla/5.0 (Windows NT 10.0; Win64; x64) AppleWebKit/537.36 (KHTML, like Gecko) Chrome/69.0.3497.100 Safari/537.36"
::1 - - [23/Sep/2018:22:38:48 +0000] "GET /socket.io/?EIO=3&transport=polling&t=MO8bTDq HTTP/1.1" 404 149 "http://localhost:8081/" "Mozilla/5.0 (Windows NT 10.0; Win64; x64) AppleWebKit/537.36 (KHTML, like Gecko) Chrome/69.0.3497.100 Safari/537.36"
::1 - - [23/Sep/2018:22:38:50 +0000] "GET /socket.io/?EIO=3&transport=polling&t=MO8bTb3 HTTP/1.1" 404 149 "http://localhost:8081/" "Mozilla/5.0 (Windows NT 10.0; Win64; x64) AppleWebKit/537.36 (KHTML, like Gecko) Chrome/69.0.3497.100 Safari/537.36"
::1 - - [23/Sep/2018:22:38:51 +0000] "GET /socket.io/?EIO=3&transport=polling&t=MO8bTtK HTTP/1.1" 404 149 "http://localhost:8081/" "Mozilla/5.0 (Windows NT 10.0; Win64; x64) AppleWebKit/537.36 (KHTML, like Gecko) Chrome/69.0.3497.100 Safari/537.36"
::1 - - [23/Sep/2018:22:38:56 +0000] "GET /socket.io/?EIO=3&transport=polling&t=MO8bV0s HTTP/1.1" 404 149 "http://localhost:8081/" "Mozilla/5.0 (Windows NT 10.0; Win64; x64) AppleWebKit/537.36 (KHTML, like Gecko) Chrome/69.0.3497.100 Safari/537.36"
::1 - - [23/Sep/2018:22:39:00 +0000] "GET /socket.io/?EIO=3&transport=polling&t=MO8bW61 HTTP/1.1" 404 149 "http://localhost:8081/" "Mozilla/5.0 (Windows NT 10.0; Win64; x64) AppleWebKit/537.36 (KHTML, like Gecko) Chrome/69.0.3497.100 Safari/537.36"
::1 - - [23/Sep/2018:22:39:05 +0000] "GET /socket.io/?EIO=3&transport=polling&t=MO8bXKV HTTP/1.1" 404 149 "http://localhost:8081/" "Mozilla/5.0 (Windows NT 10.0; Win64; x64) AppleWebKit/537.36 (KHTML, like Gecko) Chrome/69.0.3497.100 Safari/537.36"
::1 - - [23/Sep/2018:22:39:10 +0000] "GET /socket.io/?EIO=3&transport=polling&t=MO8bYYr HTTP/1.1" 404 149 "http://localhost:8081/" "Mozilla/5.0 (Windows NT 10.0; Win64; x64) AppleWebKit/537.36 (KHTML, like Gecko) Chrome/69.0.3497.100 Safari/537.36"
::1 - - [23/Sep/2018:22:39:15 +0000] "GET /socket.io/?EIO=3&transport=polling&t=MO8bZnO HTTP/1.1" 404 149 "http://localhost:8081/" "Mozilla/5.0 (Windows NT 10.0; Win64; x64) AppleWebKit/537.36 (KHTML, like Gecko) Chrome/69.0.3497.100 Safari/537.36"
::1 - - [23/Sep/2018:22:39:20 +0000] "GET /socket.io/?EIO=3&transport=polling&t=MO8ba_t HTTP/1.1" 404 149 "http://localhost:8081/" "Mozilla/5.0 (Windows NT 10.0; Win64; x64) AppleWebKit/537.36 (KHTML, like Gecko) Chrome/69.0.3497.100 Safari/537.36"
::1 - - [23/Sep/2018:22:39:25 +0000] "GET /socket.io/?EIO=3&transport=polling&t=MO8bcEN HTTP/1.1" 404 149 "http://localhost:8081/" "Mozilla/5.0 (Windows NT 10.0; Win64; x64) AppleWebKit/537.36 (KHTML, like Gecko) Chrome/69.0.3497.100 Safari/537.36"
::1 - - [23/Sep/2018:22:39:30 +0000] "GET /socket.io/?EIO=3&transport=polling&t=MO8bdSi HTTP/1.1" 404 149 "http://localhost:8081/" "Mozilla/5.0 (Windows NT 10.0; Win64; x64) AppleWebKit/537.36 (KHTML, like Gecko) Chrome/69.0.3497.100 Safari/537.36"
::1 - - [23/Sep/2018:22:39:35 +0000] "GET /socket.io/?EIO=3&transport=polling&t=MO8behF HTTP/1.1" 404 149 "http://localhost:8081/" "Mozilla/5.0 (Windows NT 10.0; Win64; x64) AppleWebKit/537.36 (KHTML, like Gecko) Chrome/69.0.3497.100 Safari/537.36"
::1 - - [23/Sep/2018:22:39:40 +0000] "GET /socket.io/?EIO=3&transport=polling&t=MO8bfvb HTTP/1.1" 404 149 "http://localhost:8081/" "Mozilla/5.0 (Windows NT 10.0; Win64; x64) AppleWebKit/537.36 (KHTML, like Gecko) Chrome/69.0.3497.100 Safari/537.36"
::1 - - [23/Sep/2018:22:39:45 +0000] "GET /socket.io/?EIO=3&transport=polling&t=MO8bh7u HTTP/1.1" 404 149 "http://localhost:8081/" "Mozilla/5.0 (Windows NT 10.0; Win64; x64) AppleWebKit/537.36 (KHTML, like Gecko) Chrome/69.0.3497.100 Safari/537.36"
::1 - - [23/Sep/2018:22:39:50 +0000] "GET /socket.io/?EIO=3&transport=polling&t=MO8biMA HTTP/1.1" 404 149 "http://localhost:8081/" "Mozilla/5.0 (Windows NT 10.0; Win64; x64) AppleWebKit/537.36 (KHTML, like Gecko) Chrome/69.0.3497.100 Safari/537.36"
::1 - - [23/Sep/2018:22:39:55 +0000] "GET /socket.io/?EIO=3&transport=polling&t=MO8bjaW HTTP/1.1" 404 149 "http://localhost:8081/" "Mozilla/5.0 (Windows NT 10.0; Win64; x64) AppleWebKit/537.36 (KHTML, like Gecko) Chrome/69.0.3497.100 Safari/537.36"
::1 - - [23/Sep/2018:22:40:00 +0000] "GET /socket.io/?EIO=3&transport=polling&t=MO8bkoq HTTP/1.1" 404 149 "http://localhost:8081/" "Mozilla/5.0 (Windows NT 10.0; Win64; x64) AppleWebKit/537.36 (KHTML, like Gecko) Chrome/69.0.3497.100 Safari/537.36"
::1 - - [23/Sep/2018:22:40:05 +0000] "GET /socket.io/?EIO=3&transport=polling&t=MO8bm19 HTTP/1.1" 404 149 "http://localhost:8081/" "Mozilla/5.0 (Windows NT 10.0; Win64; x64) AppleWebKit/537.36 (KHTML, like Gecko) Chrome/69.0.3497.100 Safari/537.36"
::1 - - [23/Sep/2018:22:40:10 +0000] "GET /socket.io/?EIO=3&transport=polling&t=MO8bnFe HTTP/1.1" 404 149 "http://localhost:8081/" "Mozilla/5.0 (Windows NT 10.0; Win64; x64) AppleWebKit/537.36 (KHTML, like Gecko) Chrome/69.0.3497.100 Safari/537.36"
::1 - - [23/Sep/2018:22:40:15 +0000] "GET /socket.io/?EIO=3&transport=polling&t=MO8boU7 HTTP/1.1" 404 149 "http://localhost:8081/" "Mozilla/5.0 (Windows NT 10.0; Win64; x64) AppleWebKit/537.36 (KHTML, like Gecko) Chrome/69.0.3497.100 Safari/537.36"
::1 - - [23/Sep/2018:22:40:20 +0000] "GET /socket.io/?EIO=3&transport=polling&t=MO8bpib HTTP/1.1" 404 149 "http://localhost:8081/" "Mozilla/5.0 (Windows NT 10.0; Win64; x64) AppleWebKit/537.36 (KHTML, like Gecko) Chrome/69.0.3497.100 Safari/537.36"
::1 - - [23/Sep/2018:22:40:25 +0000] "GET /socket.io/?EIO=3&transport=polling&t=MO8bqx1 HTTP/1.1" 404 149 "http://localhost:8081/" "Mozilla/5.0 (Windows NT 10.0; Win64; x64) AppleWebKit/537.36 (KHTML, like Gecko) Chrome/69.0.3497.100 Safari/537.36"
::1 - - [23/Sep/2018:22:40:30 +0000] "GET /socket.io/?EIO=3&transport=polling&t=MO8bs9W HTTP/1.1" 404 149 "http://localhost:8081/" "Mozilla/5.0 (Windows NT 10.0; Win64; x64) AppleWebKit/537.36 (KHTML, like Gecko) Chrome/69.0.3497.100 Safari/537.36"
::1 - - [23/Sep/2018:22:40:35 +0000] "GET /socket.io/?EIO=3&transport=polling&t=MO8btO1 HTTP/1.1" 404 149 "http://localhost:8081/" "Mozilla/5.0 (Windows NT 10.0; Win64; x64) AppleWebKit/537.36 (KHTML, like Gecko) Chrome/69.0.3497.100 Safari/537.36"
::1 - - [23/Sep/2018:22:40:40 +0000] "GET /socket.io/?EIO=3&transport=polling&t=MO8bucV HTTP/1.1" 404 149 "http://localhost:8081/" "Mozilla/5.0 (Windows NT 10.0; Win64; x64) AppleWebKit/537.36 (KHTML, like Gecko) Chrome/69.0.3497.100 Safari/537.36"
::1 - - [23/Sep/2018:22:40:45 +0000] "GET /socket.io/?EIO=3&transport=polling&t=MO8bvq_ HTTP/1.1" 404 149 "http://localhost:8081/" "Mozilla/5.0 (Windows NT 10.0; Win64; x64) AppleWebKit/537.36 (KHTML, like Gecko) Chrome/69.0.3497.100 Safari/537.36"
::1 - - [23/Sep/2018:22:40:50 +0000] "GET /socket.io/?EIO=3&transport=polling&t=MO8bx3U HTTP/1.1" 404 149 "http://localhost:8081/" "Mozilla/5.0 (Windows NT 10.0; Win64; x64) AppleWebKit/537.36 (KHTML, like Gecko) Chrome/69.0.3497.100 Safari/537.36"
::1 - - [23/Sep/2018:22:40:55 +0000] "GET /socket.io/?EIO=3&transport=polling&t=MO8byHo HTTP/1.1" 404 149 "http://localhost:8081/" "Mozilla/5.0 (Windows NT 10.0; Win64; x64) AppleWebKit/537.36 (KHTML, like Gecko) Chrome/69.0.3497.100 Safari/537.36"
::1 - - [23/Sep/2018:22:41:00 +0000] "GET /socket.io/?EIO=3&transport=polling&t=MO8bzW5 HTTP/1.1" 404 149 "http://localhost:8081/" "Mozilla/5.0 (Windows NT 10.0; Win64; x64) AppleWebKit/537.36 (KHTML, like Gecko) Chrome/69.0.3497.100 Safari/537.36"
::1 - - [23/Sep/2018:22:41:05 +0000] "GET /socket.io/?EIO=3&transport=polling&t=MO8b-kQ HTTP/1.1" 404 149 "http://localhost:8081/" "Mozilla/5.0 (Windows NT 10.0; Win64; x64) AppleWebKit/537.36 (KHTML, like Gecko) Chrome/69.0.3497.100 Safari/537.36"
::1 - - [23/Sep/2018:22:41:10 +0000] "GET /socket.io/?EIO=3&transport=polling&t=MO8b_yx HTTP/1.1" 404 149 "http://localhost:8081/" "Mozilla/5.0 (Windows NT 10.0; Win64; x64) AppleWebKit/537.36 (KHTML, like Gecko) Chrome/69.0.3497.100 Safari/537.36"
::1 - - [23/Sep/2018:22:41:16 +0000] "GET /socket.io/?EIO=3&transport=polling&t=MO8c1BS HTTP/1.1" 404 149 "http://localhost:8081/" "Mozilla/5.0 (Windows NT 10.0; Win64; x64) AppleWebKit/537.36 (KHTML, like Gecko) Chrome/69.0.3497.100 Safari/537.36"
::1 - - [23/Sep/2018:22:41:21 +0000] "GET /socket.io/?EIO=3&transport=polling&t=MO8c2Pp HTTP/1.1" 404 149 "http://localhost:8081/" "Mozilla/5.0 (Windows NT 10.0; Win64; x64) AppleWebKit/537.36 (KHTML, like Gecko) Chrome/69.0.3497.100 Safari/537.36"
::1 - - [23/Sep/2018:22:41:26 +0000] "GET /socket.io/?EIO=3&transport=polling&t=MO8c3eJ HTTP/1.1" 404 149 "http://localhost:8081/" "Mozilla/5.0 (Windows NT 10.0; Win64; x64) AppleWebKit/537.36 (KHTML, like Gecko) Chrome/69.0.3497.100 Safari/537.36"
::1 - - [23/Sep/2018:22:41:31 +0000] "GET /socket.io/?EIO=3&transport=polling&t=MO8c4sp HTTP/1.1" 404 149 "http://localhost:8081/" "Mozilla/5.0 (Windows NT 10.0; Win64; x64) AppleWebKit/537.36 (KHTML, like Gecko) Chrome/69.0.3497.100 Safari/537.36"
::1 - - [23/Sep/2018:22:41:36 +0000] "GET /socket.io/?EIO=3&transport=polling&t=MO8c65I HTTP/1.1" 404 149 "http://localhost:8081/" "Mozilla/5.0 (Windows NT 10.0; Win64; x64) AppleWebKit/537.36 (KHTML, like Gecko) Chrome/69.0.3497.100 Safari/537.36"
::1 - - [23/Sep/2018:22:41:41 +0000] "GET /socket.io/?EIO=3&transport=polling&t=MO8c7Lv HTTP/1.1" 404 149 "http://localhost:8081/" "Mozilla/5.0 (Windows NT 10.0; Win64; x64) AppleWebKit/537.36 (KHTML, like Gecko) Chrome/69.0.3497.100 Safari/537.36"
::1 - - [23/Sep/2018:22:41:48 +0000] "GET /socket.io/?EIO=3&transport=polling&t=MO8c93G HTTP/1.1" 404 149 "http://localhost:8081/" "Mozilla/5.0 (Windows NT 10.0; Win64; x64) AppleWebKit/537.36 (KHTML, like Gecko) Chrome/69.0.3497.100 Safari/537.36"
::1 - - [23/Sep/2018:22:41:55 +0000] "GET /socket.io/?EIO=3&transport=polling&t=MO8cAmd HTTP/1.1" 404 149 "http://localhost:8081/" "Mozilla/5.0 (Windows NT 10.0; Win64; x64) AppleWebKit/537.36 (KHTML, like Gecko) Chrome/69.0.3497.100 Safari/537.36"
::1 - - [23/Sep/2018:22:42:02 +0000] "GET /socket.io/?EIO=3&transport=polling&t=MO8cCT_ HTTP/1.1" 404 149 "http://localhost:8081/" "Mozilla/5.0 (Windows NT 10.0; Win64; x64) AppleWebKit/537.36 (KHTML, like Gecko) Chrome/69.0.3497.100 Safari/537.36"
::1 - - [23/Sep/2018:22:42:09 +0000] "GET /socket.io/?EIO=3&transport=polling&t=MO8cEBO HTTP/1.1" 404 149 "http://localhost:8081/" "Mozilla/5.0 (Windows NT 10.0; Win64; x64) AppleWebKit/537.36 (KHTML, like Gecko) Chrome/69.0.3497.100 Safari/537.36"
::1 - - [23/Sep/2018:22:42:16 +0000] "GET /socket.io/?EIO=3&transport=polling&t=MO8cFun HTTP/1.1" 404 149 "http://localhost:8081/" "Mozilla/5.0 (Windows NT 10.0; Win64; x64) AppleWebKit/537.36 (KHTML, like Gecko) Chrome/69.0.3497.100 Safari/537.36"
::1 - - [23/Sep/2018:22:42:23 +0000] "GET /socket.io/?EIO=3&transport=polling&t=MO8cHc7 HTTP/1.1" 404 149 "http://localhost:8081/" "Mozilla/5.0 (Windows NT 10.0; Win64; x64) AppleWebKit/537.36 (KHTML, like Gecko) Chrome/69.0.3497.100 Safari/537.36"
::1 - - [23/Sep/2018:22:42:30 +0000] "GET /socket.io/?EIO=3&transport=polling&t=MO8cJJW HTTP/1.1" 404 149 "http://localhost:8081/" "Mozilla/5.0 (Windows NT 10.0; Win64; x64) AppleWebKit/537.36 (KHTML, like Gecko) Chrome/69.0.3497.100 Safari/537.36"
::1 - - [23/Sep/2018:22:42:37 +0000] "GET /socket.io/?EIO=3&transport=polling&t=MO8cL0t HTTP/1.1" 404 149 "http://localhost:8081/" "Mozilla/5.0 (Windows NT 10.0; Win64; x64) AppleWebKit/537.36 (KHTML, like Gecko) Chrome/69.0.3497.100 Safari/537.36"
::1 - - [23/Sep/2018:22:42:44 +0000] "GET /socket.io/?EIO=3&transport=polling&t=MO8cMkG HTTP/1.1" 404 149 "http://localhost:8081/" "Mozilla/5.0 (Windows NT 10.0; Win64; x64) AppleWebKit/537.36 (KHTML, like Gecko) Chrome/69.0.3497.100 Safari/537.36"
::1 - - [23/Sep/2018:22:42:51 +0000] "GET /socket.io/?EIO=3&transport=polling&t=MO8cORd HTTP/1.1" 404 149 "http://localhost:8081/" "Mozilla/5.0 (Windows NT 10.0; Win64; x64) AppleWebKit/537.36 (KHTML, like Gecko) Chrome/69.0.3497.100 Safari/537.36"
::1 - - [23/Sep/2018:22:42:58 +0000] "GET /socket.io/?EIO=3&transport=polling&t=MO8cQ90 HTTP/1.1" 404 149 "http://localhost:8081/" "Mozilla/5.0 (Windows NT 10.0; Win64; x64) AppleWebKit/537.36 (KHTML, like Gecko) Chrome/69.0.3497.100 Safari/537.36"
::1 - - [23/Sep/2018:22:43:05 +0000] "GET /socket.io/?EIO=3&transport=polling&t=MO8cRsN HTTP/1.1" 404 149 "http://localhost:8081/" "Mozilla/5.0 (Windows NT 10.0; Win64; x64) AppleWebKit/537.36 (KHTML, like Gecko) Chrome/69.0.3497.100 Safari/537.36"
::1 - - [23/Sep/2018:22:43:12 +0000] "GET /socket.io/?EIO=3&transport=polling&t=MO8cTZm HTTP/1.1" 404 149 "http://localhost:8081/" "Mozilla/5.0 (Windows NT 10.0; Win64; x64) AppleWebKit/537.36 (KHTML, like Gecko) Chrome/69.0.3497.100 Safari/537.36"
::1 - - [23/Sep/2018:22:43:19 +0000] "GET /socket.io/?EIO=3&transport=polling&t=MO8cVH8 HTTP/1.1" 404 149 "http://localhost:8081/" "Mozilla/5.0 (Windows NT 10.0; Win64; x64) AppleWebKit/537.36 (KHTML, like Gecko) Chrome/69.0.3497.100 Safari/537.36"
::1 - - [23/Sep/2018:22:43:26 +0000] "GET /socket.io/?EIO=3&transport=polling&t=MO8cW-V HTTP/1.1" 404 149 "http://localhost:8081/" "Mozilla/5.0 (Windows NT 10.0; Win64; x64) AppleWebKit/537.36 (KHTML, like Gecko) Chrome/69.0.3497.100 Safari/537.36"
::1 - - [23/Sep/2018:22:43:33 +0000] "GET /socket.io/?EIO=3&transport=polling&t=MO8cYhv HTTP/1.1" 404 149 "http://localhost:8081/" "Mozilla/5.0 (Windows NT 10.0; Win64; x64) AppleWebKit/537.36 (KHTML, like Gecko) Chrome/69.0.3497.100 Safari/537.36"
::1 - - [23/Sep/2018:22:43:40 +0000] "GET /socket.io/?EIO=3&transport=polling&t=MO8caPG HTTP/1.1" 404 149 "http://localhost:8081/" "Mozilla/5.0 (Windows NT 10.0; Win64; x64) AppleWebKit/537.36 (KHTML, like Gecko) Chrome/69.0.3497.100 Safari/537.36"
::1 - - [23/Sep/2018:22:43:47 +0000] "GET /socket.io/?EIO=3&transport=polling&t=MO8cc6d HTTP/1.1" 404 149 "http://localhost:8081/" "Mozilla/5.0 (Windows NT 10.0; Win64; x64) AppleWebKit/537.36 (KHTML, like Gecko) Chrome/69.0.3497.100 Safari/537.36"
::1 - - [23/Sep/2018:22:43:54 +0000] "GET /socket.io/?EIO=3&transport=polling&t=MO8cdq0 HTTP/1.1" 404 149 "http://localhost:8081/" "Mozilla/5.0 (Windows NT 10.0; Win64; x64) AppleWebKit/537.36 (KHTML, like Gecko) Chrome/69.0.3497.100 Safari/537.36"
::1 - - [23/Sep/2018:22:44:01 +0000] "GET /socket.io/?EIO=3&transport=polling&t=MO8cfXP HTTP/1.1" 404 149 "http://localhost:8081/" "Mozilla/5.0 (Windows NT 10.0; Win64; x64) AppleWebKit/537.36 (KHTML, like Gecko) Chrome/69.0.3497.100 Safari/537.36"
::1 - - [23/Sep/2018:22:44:08 +0000] "GET /socket.io/?EIO=3&transport=polling&t=MO8chEl HTTP/1.1" 404 149 "http://localhost:8081/" "Mozilla/5.0 (Windows NT 10.0; Win64; x64) AppleWebKit/537.36 (KHTML, like Gecko) Chrome/69.0.3497.100 Safari/537.36"
::1 - - [23/Sep/2018:22:44:15 +0000] "GET /socket.io/?EIO=3&transport=polling&t=MO8ciy7 HTTP/1.1" 404 149 "http://localhost:8081/" "Mozilla/5.0 (Windows NT 10.0; Win64; x64) AppleWebKit/537.36 (KHTML, like Gecko) Chrome/69.0.3497.100 Safari/537.36"
::1 - - [23/Sep/2018:22:44:22 +0000] "GET /socket.io/?EIO=3&transport=polling&t=MO8ckfX HTTP/1.1" 404 149 "http://localhost:8081/" "Mozilla/5.0 (Windows NT 10.0; Win64; x64) AppleWebKit/537.36 (KHTML, like Gecko) Chrome/69.0.3497.100 Safari/537.36"
::1 - - [23/Sep/2018:22:44:29 +0000] "GET /socket.io/?EIO=3&transport=polling&t=MO8cmMv HTTP/1.1" 404 149 "http://localhost:8081/" "Mozilla/5.0 (Windows NT 10.0; Win64; x64) AppleWebKit/537.36 (KHTML, like Gecko) Chrome/69.0.3497.100 Safari/537.36"
::1 - - [23/Sep/2018:22:44:36 +0000] "GET /socket.io/?EIO=3&transport=polling&t=MO8co4F HTTP/1.1" 404 149 "http://localhost:8081/" "Mozilla/5.0 (Windows NT 10.0; Win64; x64) AppleWebKit/537.36 (KHTML, like Gecko) Chrome/69.0.3497.100 Safari/537.36"
::1 - - [23/Sep/2018:22:44:43 +0000] "GET /socket.io/?EIO=3&transport=polling&t=MO8cpne HTTP/1.1" 404 149 "http://localhost:8081/" "Mozilla/5.0 (Windows NT 10.0; Win64; x64) AppleWebKit/537.36 (KHTML, like Gecko) Chrome/69.0.3497.100 Safari/537.36"
::1 - - [23/Sep/2018:22:44:50 +0000] "GET /socket.io/?EIO=3&transport=polling&t=MO8crU_ HTTP/1.1" 404 149 "http://localhost:8081/" "Mozilla/5.0 (Windows NT 10.0; Win64; x64) AppleWebKit/537.36 (KHTML, like Gecko) Chrome/69.0.3497.100 Safari/537.36"
::1 - - [23/Sep/2018:22:44:57 +0000] "GET /socket.io/?EIO=3&transport=polling&t=MO8ctCO HTTP/1.1" 404 149 "http://localhost:8081/" "Mozilla/5.0 (Windows NT 10.0; Win64; x64) AppleWebKit/537.36 (KHTML, like Gecko) Chrome/69.0.3497.100 Safari/537.36"
::1 - - [23/Sep/2018:22:45:04 +0000] "GET /socket.io/?EIO=3&transport=polling&t=MO8cuvn HTTP/1.1" 404 149 "http://localhost:8081/" "Mozilla/5.0 (Windows NT 10.0; Win64; x64) AppleWebKit/537.36 (KHTML, like Gecko) Chrome/69.0.3497.100 Safari/537.36"
::1 - - [23/Sep/2018:22:45:11 +0000] "GET /socket.io/?EIO=3&transport=polling&t=MO8cwd7 HTTP/1.1" 404 149 "http://localhost:8081/" "Mozilla/5.0 (Windows NT 10.0; Win64; x64) AppleWebKit/537.36 (KHTML, like Gecko) Chrome/69.0.3497.100 Safari/537.36"
::1 - - [23/Sep/2018:22:45:18 +0000] "GET /socket.io/?EIO=3&transport=polling&t=MO8cyKW HTTP/1.1" 404 149 "http://localhost:8081/" "Mozilla/5.0 (Windows NT 10.0; Win64; x64) AppleWebKit/537.36 (KHTML, like Gecko) Chrome/69.0.3497.100 Safari/537.36"
::1 - - [23/Sep/2018:22:45:25 +0000] "GET /socket.io/?EIO=3&transport=polling&t=MO8c-1t HTTP/1.1" 404 149 "http://localhost:8081/" "Mozilla/5.0 (Windows NT 10.0; Win64; x64) AppleWebKit/537.36 (KHTML, like Gecko) Chrome/69.0.3497.100 Safari/537.36"
